Using pre-set license
Built from '2021.1/release' branch; Version is '2021.1.4f1 (4cd64a618c1b) revision 5035594'; Using compiler version '192528614'; Build Type 'Release'
OS: 'Windows 10 Home; OS build 19041.928; Version 2004; 64bit' Language: 'en' Physical Memory: 16197 MB
BatchMode: 1, IsHumanControllingUs: 0, StartBugReporterOnCrash: 0, Is64bit: 1, IsPro: 0

 COMMAND LINE ARGUMENTS:
D:\Unity\Hub\Editor\2021.1.4f1\Editor\Unity.exe
-adb2
-batchMode
-noUpm
-name
AssetImportWorker0
-projectPath
D:/Unity Projects/LD48/LD48
-logFile
Logs/AssetImportWorker0.log
-srvPort
64914
Successfully changed project path to: D:/Unity Projects/LD48/LD48
D:/Unity Projects/LD48/LD48
Using Asset Import Pipeline V2.
Refreshing native plugins compatible for Editor in 72.02 ms, found 1 plugins.
Preloading 0 native plugins for Editor in 0.00 ms.
Initialize engine version: 2021.1.4f1 (4cd64a618c1b)
[Subsystems] Discovering subsystems at path D:/Unity/Hub/Editor/2021.1.4f1/Editor/Data/Resources/UnitySubsystems
[Subsystems] Discovering subsystems at path D:/Unity Projects/LD48/LD48/Assets
GfxDevice: creating device client; threaded=0; jobified=0
Direct3D:
    Version:  Direct3D 11.0 [level 11.1]
    Renderer: NVIDIA GeForce GTX 1070 (ID=0x1b81)
    Vendor:   NVIDIA
    VRAM:     8088 MB
    Driver:   27.21.14.5671
Initialize mono
Mono path[0] = 'D:/Unity/Hub/Editor/2021.1.4f1/Editor/Data/Managed'
Mono path[1] = 'D:/Unity/Hub/Editor/2021.1.4f1/Editor/Data/MonoBleedingEdge/lib/mono/unityjit'
Mono config path = 'D:/Unity/Hub/Editor/2021.1.4f1/Editor/Data/MonoBleedingEdge/etc'
Using monoOptions --debugger-agent=transport=dt_socket,embedding=1,server=y,suspend=n,address=127.0.0.1:56900
Begin MonoManager ReloadAssembly
Registering precompiled unity dll's ...
Register platform support module: D:/Unity/Hub/Editor/2021.1.4f1/Editor/Data/PlaybackEngines/WebGLSupport/UnityEditor.WebGL.Extensions.dll
Register platform support module: D:/Unity/Hub/Editor/2021.1.4f1/Editor/Data/PlaybackEngines/WindowsStandaloneSupport/UnityEditor.WindowsStandalone.Extensions.dll
Registered in 0.001531 seconds.
Native extension for WindowsStandalone target not found
Native extension for WebGL target not found
Refreshing native plugins compatible for Editor in 95.46 ms, found 1 plugins.
Preloading 0 native plugins for Editor in 0.00 ms.
Mono: successfully reloaded assembly
- Completed reload, in  1.280 seconds
Platform modules already initialized, skipping
Registering precompiled user dll's ...
Registered in 0.002654 seconds.
Begin MonoManager ReloadAssembly
Native extension for WindowsStandalone target not found
Native extension for WebGL target not found
Refreshing native plugins compatible for Editor in 0.59 ms, found 1 plugins.
Preloading 0 native plugins for Editor in 0.00 ms.
Mono: successfully reloaded assembly
- Completed reload, in  1.307 seconds
Platform modules already initialized, skipping
========================================================================
Worker process is ready to serve import requests
Launched and connected shader compiler UnityShaderCompiler.exe after 0.04 seconds
Refreshing native plugins compatible for Editor in 0.63 ms, found 1 plugins.
Preloading 0 native plugins for Editor in 0.00 ms.
Unloading 2665 Unused Serialized files (Serialized files now loaded: 0)
System memory in use before: 98.2 MB.
System memory in use after: 98.3 MB.

Unloading 15 unused Assets to reduce memory usage. Loaded Objects now: 3117.
Total: 3.564000 ms (FindLiveObjects: 0.337000 ms CreateObjectMapping: 0.285100 ms MarkObjects: 2.853000 ms  DeleteObjects: 0.087600 ms)

========================================================================
Received Import Request.
  path: Assets/cramuran-cakes-in-the-dark-icon.png
  artifactKey: Guid(fbf35fef8afc18d48aa4e552c186fcb1) Importer(815301076,1909f56bfc062723c751e8b465ee728b)
Start importing Assets/cramuran-cakes-in-the-dark-icon.png using Guid(fbf35fef8afc18d48aa4e552c186fcb1) Importer(815301076,1909f56bfc062723c751e8b465ee728b)  -> (artifact id: 'fdd70eb26a293fa29a543a7e0b50aced') in 0.232197 seconds 
========================================================================
Received Import Request.
  Time since last request: 250.589861 seconds.
  path: Assets/cramuran-cakes-in-the-dark-icon.png
  artifactKey: Guid(fbf35fef8afc18d48aa4e552c186fcb1) Importer(815301076,1909f56bfc062723c751e8b465ee728b)
Start importing Assets/cramuran-cakes-in-the-dark-icon.png using Guid(fbf35fef8afc18d48aa4e552c186fcb1) Importer(815301076,1909f56bfc062723c751e8b465ee728b)  -> (artifact id: 'ccf00220cd94cb8145757492a361a83a') in 0.014214 seconds 
========================================================================
Received Import Request.
  Time since last request: 17.707284 seconds.
  path: Assets/cramuran-cakes-in-the-dark-icon.png
  artifactKey: Guid(fbf35fef8afc18d48aa4e552c186fcb1) Importer(815301076,1909f56bfc062723c751e8b465ee728b)
Start importing Assets/cramuran-cakes-in-the-dark-icon.png using Guid(fbf35fef8afc18d48aa4e552c186fcb1) Importer(815301076,1909f56bfc062723c751e8b465ee728b)  -> (artifact id: '96e8d1f620d9a170713aeeb204aaef05') in 0.013602 seconds 
========================================================================
Received Import Request.
  Time since last request: 306.095425 seconds.
  path: Assets/cramuran-cakes-in-the-dark-icon.png
  artifactKey: Guid(fbf35fef8afc18d48aa4e552c186fcb1) Importer(815301076,1909f56bfc062723c751e8b465ee728b)
Start importing Assets/cramuran-cakes-in-the-dark-icon.png using Guid(fbf35fef8afc18d48aa4e552c186fcb1) Importer(815301076,1909f56bfc062723c751e8b465ee728b)  -> (artifact id: '9693cd4350206c082b3dee432ca07066') in 0.019862 seconds 
========================================================================
Received Import Request.
  Time since last request: 6.781583 seconds.
  path: Assets/cramuran-cakes-in-the-dark-icon.png
  artifactKey: Guid(fbf35fef8afc18d48aa4e552c186fcb1) Importer(815301076,1909f56bfc062723c751e8b465ee728b)
Start importing Assets/cramuran-cakes-in-the-dark-icon.png using Guid(fbf35fef8afc18d48aa4e552c186fcb1) Importer(815301076,1909f56bfc062723c751e8b465ee728b)  -> (artifact id: '8f3a4508373b90e9db1bfb1bc73688de') in 0.074352 seconds 
========================================================================
Received Import Request.
  Time since last request: 3.897204 seconds.
  path: Assets/cramuran-cakes-in-the-dark-icon.png
  artifactKey: Guid(fbf35fef8afc18d48aa4e552c186fcb1) Importer(815301076,1909f56bfc062723c751e8b465ee728b)
Start importing Assets/cramuran-cakes-in-the-dark-icon.png using Guid(fbf35fef8afc18d48aa4e552c186fcb1) Importer(815301076,1909f56bfc062723c751e8b465ee728b)  -> (artifact id: '9a5c7abaa2841a3c91bd3fe63d750eb6') in 0.033530 seconds 
========================================================================
Received Import Request.
  Time since last request: 20.426733 seconds.
  path: Assets/cramuran-cakes-in-the-dark-icon.png
  artifactKey: Guid(fbf35fef8afc18d48aa4e552c186fcb1) Importer(815301076,1909f56bfc062723c751e8b465ee728b)
Start importing Assets/cramuran-cakes-in-the-dark-icon.png using Guid(fbf35fef8afc18d48aa4e552c186fcb1) Importer(815301076,1909f56bfc062723c751e8b465ee728b)  -> (artifact id: 'f8486ff2017594c63b3f3b12183c1c96') in 0.023794 seconds 
AssetImportWorkerClient::OnTransportError - code=2 error=End of file
